::1 - - [13/Nov/2018:14:45:15 +0000] "GET /login/getServers HTTP/1.1" 200 44 "http://localhost:8080/taskManage/statusMonitor?fileName=T0866-D1-test1_1541862094726" "Mozilla/5.0 (Macintosh; Intel Mac OS X 10_14_0) AppleWebKit/537.36 (KHTML, like Gecko) Chrome/70.0.3538.77 Safari/537.36"
::1 - - [13/Nov/2018:14:45:15 +0000] "GET /statusMonitor/readLog?lineNum=100&folderName=T0866-D1-test1_1541862094726 HTTP/1.1" 200 44 "http://localhost:8080/taskManage/statusMonitor?fileName=T0866-D1-test1_1541862094726" "Mozilla/5.0 (Macintosh; Intel Mac OS X 10_14_0) AppleWebKit/537.36 (KHTML, like Gecko) Chrome/70.0.3538.77 Safari/537.36"
::1 - - [13/Nov/2018:14:45:15 +0000] "GET /statusMonitor/proteinStatus?folderName=T0866-D1-test1_1541862094726 HTTP/1.1" 200 44 "http://localhost:8080/taskManage/statusMonitor?fileName=T0866-D1-test1_1541862094726" "Mozilla/5.0 (Macintosh; Intel Mac OS X 10_14_0) AppleWebKit/537.36 (KHTML, like Gecko) Chrome/70.0.3538.77 Safari/537.36"
::1 - - [13/Nov/2018:14:45:19 +0000] "OPTIONS /login HTTP/1.1" 200 4 "-" "Mozilla/5.0 (Macintosh; Intel Mac OS X 10_14_0) AppleWebKit/537.36 (KHTML, like Gecko) Chrome/70.0.3538.77 Safari/537.36"
::1 - - [13/Nov/2018:14:45:19 +0000] "POST /login HTTP/1.1" 200 38 "http://localhost:8080/" "Mozilla/5.0 (Macintosh; Intel Mac OS X 10_14_0) AppleWebKit/537.36 (KHTML, like Gecko) Chrome/70.0.3538.77 Safari/537.36"
::1 - - [13/Nov/2018:14:45:19 +0000] "GET /taskManage/readFolder HTTP/1.1" 200 827 "http://localhost:8080/taskManage" "Mozilla/5.0 (Macintosh; Intel Mac OS X 10_14_0) AppleWebKit/537.36 (KHTML, like Gecko) Chrome/70.0.3538.77 Safari/537.36"
::1 - - [13/Nov/2018:14:45:22 +0000] "OPTIONS /taskManageChildFolder/childFolder HTTP/1.1" 200 44 "-" "Mozilla/5.0 (Macintosh; Intel Mac OS X 10_14_0) AppleWebKit/537.36 (KHTML, like Gecko) Chrome/70.0.3538.77 Safari/537.36"
::1 - - [13/Nov/2018:14:45:22 +0000] "POST /taskManageChildFolder/childFolder HTTP/1.1" 200 575 "http://localhost:8080/taskManage/taskManageChildFolder/312321_1541862138703" "Mozilla/5.0 (Macintosh; Intel Mac OS X 10_14_0) AppleWebKit/537.36 (KHTML, like Gecko) Chrome/70.0.3538.77 Safari/537.36"
::1 - - [13/Nov/2018:14:45:29 +0000] "GET /taskManage/readFolder HTTP/1.1" 200 827 "http://localhost:8080/taskManage" "Mozilla/5.0 (Macintosh; Intel Mac OS X 10_14_0) AppleWebKit/537.36 (KHTML, like Gecko) Chrome/70.0.3538.77 Safari/537.36"
::1 - - [13/Nov/2018:14:45:30 +0000] "OPTIONS /taskManageChildFolder/childFolder HTTP/1.1" 200 44 "-" "Mozilla/5.0 (Macintosh; Intel Mac OS X 10_14_0) AppleWebKit/537.36 (KHTML, like Gecko) Chrome/70.0.3538.77 Safari/537.36"
::1 - - [13/Nov/2018:14:45:30 +0000] "POST /taskManageChildFolder/childFolder HTTP/1.1" 200 677 "http://localhost:8080/taskManage/taskManageChildFolder/sssssssss_1541862188305" "Mozilla/5.0 (Macintosh; Intel Mac OS X 10_14_0) AppleWebKit/537.36 (KHTML, like Gecko) Chrome/70.0.3538.77 Safari/537.36"
::1 - - [13/Nov/2018:14:45:35 +0000] "GET /taskManage/readFolder HTTP/1.1" 200 827 "http://localhost:8080/taskManage" "Mozilla/5.0 (Macintosh; Intel Mac OS X 10_14_0) AppleWebKit/537.36 (KHTML, like Gecko) Chrome/70.0.3538.77 Safari/537.36"
::1 - - [13/Nov/2018:14:45:37 +0000] "OPTIONS /taskManageChildFolder/childFolder HTTP/1.1" 200 44 "-" "Mozilla/5.0 (Macintosh; Intel Mac OS X 10_14_0) AppleWebKit/537.36 (KHTML, like Gecko) Chrome/70.0.3538.77 Safari/537.36"
::1 - - [13/Nov/2018:14:45:37 +0000] "POST /taskManageChildFolder/childFolder HTTP/1.1" 200 677 "http://localhost:8080/taskManage/taskManageChildFolder/sssssssss_1541862188305" "Mozilla/5.0 (Macintosh; Intel Mac OS X 10_14_0) AppleWebKit/537.36 (KHTML, like Gecko) Chrome/70.0.3538.77 Safari/537.36"
::1 - - [13/Nov/2018:14:45:40 +0000] "GET /taskManage/readFolder HTTP/1.1" 200 827 "http://localhost:8080/taskManage" "Mozilla/5.0 (Macintosh; Intel Mac OS X 10_14_0) AppleWebKit/537.36 (KHTML, like Gecko) Chrome/70.0.3538.77 Safari/537.36"
::1 - - [13/Nov/2018:14:45:42 +0000] "GET /statusMonitor/proteinStatus?folderName=sssssssss_1541862188305 HTTP/1.1" 200 195 "http://localhost:8080/taskManage/statusMonitor?fileName=sssssssss_1541862188305" "Mozilla/5.0 (Macintosh; Intel Mac OS X 10_14_0) AppleWebKit/537.36 (KHTML, like Gecko) Chrome/70.0.3538.77 Safari/537.36"
::1 - - [13/Nov/2018:14:45:43 +0000] "GET /statusMonitor/readLog?lineNum=100&folderName=sssssssss_1541862188305 HTTP/1.1" 200 2987 "http://localhost:8080/taskManage/statusMonitor?fileName=sssssssss_1541862188305" "Mozilla/5.0 (Macintosh; Intel Mac OS X 10_14_0) AppleWebKit/537.36 (KHTML, like Gecko) Chrome/70.0.3538.77 Safari/537.36"
::1 - - [13/Nov/2018:14:49:54 +0000] "GET /taskManage/readFolder HTTP/1.1" 200 44 "http://localhost:8080/taskManage" "Mozilla/5.0 (Macintosh; Intel Mac OS X 10_14_0) AppleWebKit/537.36 (KHTML, like Gecko) Chrome/70.0.3538.77 Safari/537.36"
::1 - - [13/Nov/2018:14:49:57 +0000] "OPTIONS /login HTTP/1.1" 200 4 "-" "Mozilla/5.0 (Macintosh; Intel Mac OS X 10_14_0) AppleWebKit/537.36 (KHTML, like Gecko) Chrome/70.0.3538.77 Safari/537.36"
::1 - - [13/Nov/2018:14:49:57 +0000] "POST /login HTTP/1.1" 200 38 "http://localhost:8080/" "Mozilla/5.0 (Macintosh; Intel Mac OS X 10_14_0) AppleWebKit/537.36 (KHTML, like Gecko) Chrome/70.0.3538.77 Safari/537.36"
::1 - - [13/Nov/2018:14:49:57 +0000] "GET /taskManage/readFolder HTTP/1.1" 200 827 "http://localhost:8080/taskManage" "Mozilla/5.0 (Macintosh; Intel Mac OS X 10_14_0) AppleWebKit/537.36 (KHTML, like Gecko) Chrome/70.0.3538.77 Safari/537.36"
::1 - - [13/Nov/2018:14:49:59 +0000] "GET /statusMonitor/proteinStatus?folderName=sssssssss_1541862188305 HTTP/1.1" 200 195 "http://localhost:8080/taskManage/statusMonitor?fileName=sssssssss_1541862188305" "Mozilla/5.0 (Macintosh; Intel Mac OS X 10_14_0) AppleWebKit/537.36 (KHTML, like Gecko) Chrome/70.0.3538.77 Safari/537.36"
::1 - - [13/Nov/2018:14:50:07 +0000] "GET /statusMonitor/readLog?lineNum=100&folderName=sssssssss_1541862188305 HTTP/1.1" 200 2987 "http://localhost:8080/taskManage/statusMonitor?fileName=sssssssss_1541862188305" "Mozilla/5.0 (Macintosh; Intel Mac OS X 10_14_0) AppleWebKit/537.36 (KHTML, like Gecko) Chrome/70.0.3538.77 Safari/537.36"
::1 - - [13/Nov/2018:14:51:34 +0000] "GET /taskManage/readFolder HTTP/1.1" 200 44 "http://localhost:8080/taskManage" "Mozilla/5.0 (Macintosh; Intel Mac OS X 10_14_0) AppleWebKit/537.36 (KHTML, like Gecko) Chrome/70.0.3538.77 Safari/537.36"
::1 - - [13/Nov/2018:14:51:37 +0000] "OPTIONS /login HTTP/1.1" 200 4 "-" "Mozilla/5.0 (Macintosh; Intel Mac OS X 10_14_0) AppleWebKit/537.36 (KHTML, like Gecko) Chrome/70.0.3538.77 Safari/537.36"
::1 - - [13/Nov/2018:14:51:37 +0000] "POST /login HTTP/1.1" 200 38 "http://localhost:8080/" "Mozilla/5.0 (Macintosh; Intel Mac OS X 10_14_0) AppleWebKit/537.36 (KHTML, like Gecko) Chrome/70.0.3538.77 Safari/537.36"
::1 - - [13/Nov/2018:14:51:37 +0000] "GET /taskManage/readFolder HTTP/1.1" 200 827 "http://localhost:8080/taskManage" "Mozilla/5.0 (Macintosh; Intel Mac OS X 10_14_0) AppleWebKit/537.36 (KHTML, like Gecko) Chrome/70.0.3538.77 Safari/537.36"
::1 - - [13/Nov/2018:14:51:40 +0000] "GET /statusMonitor/proteinStatus?folderName=sssssssss_1541862188305 HTTP/1.1" 200 195 "http://localhost:8080/taskManage/statusMonitor?fileName=sssssssss_1541862188305" "Mozilla/5.0 (Macintosh; Intel Mac OS X 10_14_0) AppleWebKit/537.36 (KHTML, like Gecko) Chrome/70.0.3538.77 Safari/537.36"
::1 - - [13/Nov/2018:14:51:40 +0000] "GET /statusMonitor/readLog?lineNum=100&folderName=sssssssss_1541862188305 HTTP/1.1" 200 2987 "http://localhost:8080/taskManage/statusMonitor?fileName=sssssssss_1541862188305" "Mozilla/5.0 (Macintosh; Intel Mac OS X 10_14_0) AppleWebKit/537.36 (KHTML, like Gecko) Chrome/70.0.3538.77 Safari/537.36"
::1 - - [13/Nov/2018:14:52:15 +0000] "GET /login/getServers HTTP/1.1" 200 44 "http://localhost:8080/taskManage/statusMonitor?fileName=sssssssss_1541862188305" "Mozilla/5.0 (Macintosh; Intel Mac OS X 10_14_0) AppleWebKit/537.36 (KHTML, like Gecko) Chrome/70.0.3538.77 Safari/537.36"
::1 - - [13/Nov/2018:14:52:15 +0000] "GET /statusMonitor/readLog?lineNum=100&folderName=sssssssss_1541862188305 HTTP/1.1" 200 44 "http://localhost:8080/taskManage/statusMonitor?fileName=sssssssss_1541862188305" "Mozilla/5.0 (Macintosh; Intel Mac OS X 10_14_0) AppleWebKit/537.36 (KHTML, like Gecko) Chrome/70.0.3538.77 Safari/537.36"
::1 - - [13/Nov/2018:14:52:15 +0000] "GET /statusMonitor/proteinStatus?folderName=sssssssss_1541862188305 HTTP/1.1" 200 44 "http://localhost:8080/taskManage/statusMonitor?fileName=sssssssss_1541862188305" "Mozilla/5.0 (Macintosh; Intel Mac OS X 10_14_0) AppleWebKit/537.36 (KHTML, like Gecko) Chrome/70.0.3538.77 Safari/537.36"
::1 - - [13/Nov/2018:14:52:19 +0000] "OPTIONS /login HTTP/1.1" 200 4 "-" "Mozilla/5.0 (Macintosh; Intel Mac OS X 10_14_0) AppleWebKit/537.36 (KHTML, like Gecko) Chrome/70.0.3538.77 Safari/537.36"
::1 - - [13/Nov/2018:14:52:19 +0000] "POST /login HTTP/1.1" 200 38 "http://localhost:8080/" "Mozilla/5.0 (Macintosh; Intel Mac OS X 10_14_0) AppleWebKit/537.36 (KHTML, like Gecko) Chrome/70.0.3538.77 Safari/537.36"
::1 - - [13/Nov/2018:14:52:19 +0000] "GET /taskManage/readFolder HTTP/1.1" 200 827 "http://localhost:8080/taskManage" "Mozilla/5.0 (Macintosh; Intel Mac OS X 10_14_0) AppleWebKit/537.36 (KHTML, like Gecko) Chrome/70.0.3538.77 Safari/537.36"
::1 - - [13/Nov/2018:14:52:21 +0000] "GET /statusMonitor/proteinStatus?folderName=sssssssss_1541862188305 HTTP/1.1" 200 195 "http://localhost:8080/taskManage/statusMonitor?fileName=sssssssss_1541862188305" "Mozilla/5.0 (Macintosh; Intel Mac OS X 10_14_0) AppleWebKit/537.36 (KHTML, like Gecko) Chrome/70.0.3538.77 Safari/537.36"
::1 - - [13/Nov/2018:14:52:22 +0000] "GET /statusMonitor/readLog?lineNum=100&folderName=sssssssss_1541862188305 HTTP/1.1" 200 2987 "http://localhost:8080/taskManage/statusMonitor?fileName=sssssssss_1541862188305" "Mozilla/5.0 (Macintosh; Intel Mac OS X 10_14_0) AppleWebKit/537.36 (KHTML, like Gecko) Chrome/70.0.3538.77 Safari/537.36"
::1 - - [13/Nov/2018:14:54:21 +0000] "GET /taskManage/readFolder HTTP/1.1" 200 44 "http://localhost:8080/taskManage" "Mozilla/5.0 (Macintosh; Intel Mac OS X 10_14_0) AppleWebKit/537.36 (KHTML, like Gecko) Chrome/70.0.3538.77 Safari/537.36"
::1 - - [13/Nov/2018:14:54:26 +0000] "OPTIONS /login HTTP/1.1" 200 4 "-" "Mozilla/5.0 (Macintosh; Intel Mac OS X 10_14_0) AppleWebKit/537.36 (KHTML, like Gecko) Chrome/70.0.3538.77 Safari/537.36"
::1 - - [13/Nov/2018:14:54:26 +0000] "POST /login HTTP/1.1" 200 38 "http://localhost:8080/" "Mozilla/5.0 (Macintosh; Intel Mac OS X 10_14_0) AppleWebKit/537.36 (KHTML, like Gecko) Chrome/70.0.3538.77 Safari/537.36"
::1 - - [13/Nov/2018:14:54:26 +0000] "GET /taskManage/readFolder HTTP/1.1" 200 827 "http://localhost:8080/taskManage" "Mozilla/5.0 (Macintosh; Intel Mac OS X 10_14_0) AppleWebKit/537.36 (KHTML, like Gecko) Chrome/70.0.3538.77 Safari/537.36"
::1 - - [13/Nov/2018:14:54:28 +0000] "GET /statusMonitor/proteinStatus?folderName=sssssssss_1541862188305 HTTP/1.1" 200 195 "http://localhost:8080/taskManage/statusMonitor?fileName=sssssssss_1541862188305" "Mozilla/5.0 (Macintosh; Intel Mac OS X 10_14_0) AppleWebKit/537.36 (KHTML, like Gecko) Chrome/70.0.3538.77 Safari/537.36"
::1 - - [13/Nov/2018:14:54:29 +0000] "GET /statusMonitor/readLog?lineNum=100&folderName=sssssssss_1541862188305 HTTP/1.1" 200 2987 "http://localhost:8080/taskManage/statusMonitor?fileName=sssssssss_1541862188305" "Mozilla/5.0 (Macintosh; Intel Mac OS X 10_14_0) AppleWebKit/537.36 (KHTML, like Gecko) Chrome/70.0.3538.77 Safari/537.36"
::1 - - [13/Nov/2018:14:55:11 +0000] "GET /login/getServers HTTP/1.1" 200 44 "http://localhost:8080/taskManage/statusMonitor?fileName=sssssssss_1541862188305" "Mozilla/5.0 (Macintosh; Intel Mac OS X 10_14_0) AppleWebKit/537.36 (KHTML, like Gecko) Chrome/70.0.3538.77 Safari/537.36"
::1 - - [13/Nov/2018:14:55:11 +0000] "GET /statusMonitor/readLog?lineNum=100&folderName=sssssssss_1541862188305 HTTP/1.1" 200 44 "http://localhost:8080/taskManage/statusMonitor?fileName=sssssssss_1541862188305" "Mozilla/5.0 (Macintosh; Intel Mac OS X 10_14_0) AppleWebKit/537.36 (KHTML, like Gecko) Chrome/70.0.3538.77 Safari/537.36"
::1 - - [13/Nov/2018:14:55:11 +0000] "GET /statusMonitor/proteinStatus?folderName=sssssssss_1541862188305 HTTP/1.1" 200 44 "http://localhost:8080/taskManage/statusMonitor?fileName=sssssssss_1541862188305" "Mozilla/5.0 (Macintosh; Intel Mac OS X 10_14_0) AppleWebKit/537.36 (KHTML, like Gecko) Chrome/70.0.3538.77 Safari/537.36"
::1 - - [13/Nov/2018:14:55:17 +0000] "OPTIONS /login HTTP/1.1" 200 4 "-" "Mozilla/5.0 (Macintosh; Intel Mac OS X 10_14_0) AppleWebKit/537.36 (KHTML, like Gecko) Chrome/70.0.3538.77 Safari/537.36"
::1 - - [13/Nov/2018:14:55:17 +0000] "POST /login HTTP/1.1" 200 38 "http://localhost:8080/" "Mozilla/5.0 (Macintosh; Intel Mac OS X 10_14_0) AppleWebKit/537.36 (KHTML, like Gecko) Chrome/70.0.3538.77 Safari/537.36"
::1 - - [13/Nov/2018:14:55:17 +0000] "GET /taskManage/readFolder HTTP/1.1" 200 827 "http://localhost:8080/taskManage" "Mozilla/5.0 (Macintosh; Intel Mac OS X 10_14_0) AppleWebKit/537.36 (KHTML, like Gecko) Chrome/70.0.3538.77 Safari/537.36"
::1 - - [13/Nov/2018:14:56:18 +0000] "GET /login/getServers HTTP/1.1" 200 44 "http://localhost:8080/taskManage" "Mozilla/5.0 (Macintosh; Intel Mac OS X 10_14_0) AppleWebKit/537.36 (KHTML, like Gecko) Chrome/70.0.3538.77 Safari/537.36"
::1 - - [13/Nov/2018:14:56:18 +0000] "GET /taskManage/readFolder HTTP/1.1" 200 44 "http://localhost:8080/taskManage" "Mozilla/5.0 (Macintosh; Intel Mac OS X 10_14_0) AppleWebKit/537.36 (KHTML, like Gecko) Chrome/70.0.3538.77 Safari/537.36"
::1 - - [13/Nov/2018:14:56:22 +0000] "OPTIONS /login HTTP/1.1" 200 4 "-" "Mozilla/5.0 (Macintosh; Intel Mac OS X 10_14_0) AppleWebKit/537.36 (KHTML, like Gecko) Chrome/70.0.3538.77 Safari/537.36"
::1 - - [13/Nov/2018:14:56:22 +0000] "POST /login HTTP/1.1" 200 38 "http://localhost:8080/" "Mozilla/5.0 (Macintosh; Intel Mac OS X 10_14_0) AppleWebKit/537.36 (KHTML, like Gecko) Chrome/70.0.3538.77 Safari/537.36"
::1 - - [13/Nov/2018:14:56:22 +0000] "GET /taskManage/readFolder HTTP/1.1" 200 827 "http://localhost:8080/taskManage" "Mozilla/5.0 (Macintosh; Intel Mac OS X 10_14_0) AppleWebKit/537.36 (KHTML, like Gecko) Chrome/70.0.3538.77 Safari/537.36"
::1 - - [13/Nov/2018:14:56:24 +0000] "GET /statusMonitor/proteinStatus?folderName=sssssssss_1541862188305 HTTP/1.1" 200 195 "http://localhost:8080/taskManage/statusMonitor?fileName=sssssssss_1541862188305" "Mozilla/5.0 (Macintosh; Intel Mac OS X 10_14_0) AppleWebKit/537.36 (KHTML, like Gecko) Chrome/70.0.3538.77 Safari/537.36"
::1 - - [13/Nov/2018:14:56:25 +0000] "GET /statusMonitor/readLog?lineNum=100&folderName=sssssssss_1541862188305 HTTP/1.1" 200 2987 "http://localhost:8080/taskManage/statusMonitor?fileName=sssssssss_1541862188305" "Mozilla/5.0 (Macintosh; Intel Mac OS X 10_14_0) AppleWebKit/537.36 (KHTML, like Gecko) Chrome/70.0.3538.77 Safari/537.36"
::1 - - [13/Nov/2018:14:58:22 +0000] "GET /login/getServers HTTP/1.1" 200 44 "http://localhost:8080/taskManage/statusMonitor?fileName=sssssssss_1541862188305" "Mozilla/5.0 (Macintosh; Intel Mac OS X 10_14_0) AppleWebKit/537.36 (KHTML, like Gecko) Chrome/70.0.3538.77 Safari/537.36"
::1 - - [13/Nov/2018:14:58:22 +0000] "GET /statusMonitor/readLog?lineNum=100&folderName=sssssssss_1541862188305 HTTP/1.1" 200 44 "http://localhost:8080/taskManage/statusMonitor?fileName=sssssssss_1541862188305" "Mozilla/5.0 (Macintosh; Intel Mac OS X 10_14_0) AppleWebKit/537.36 (KHTML, like Gecko) Chrome/70.0.3538.77 Safari/537.36"
::1 - - [13/Nov/2018:14:58:22 +0000] "GET /statusMonitor/proteinStatus?folderName=sssssssss_1541862188305 HTTP/1.1" 200 44 "http://localhost:8080/taskManage/statusMonitor?fileName=sssssssss_1541862188305" "Mozilla/5.0 (Macintosh; Intel Mac OS X 10_14_0) AppleWebKit/537.36 (KHTML, like Gecko) Chrome/70.0.3538.77 Safari/537.36"
::1 - - [13/Nov/2018:14:58:27 +0000] "OPTIONS /login HTTP/1.1" 200 4 "-" "Mozilla/5.0 (Macintosh; Intel Mac OS X 10_14_0) AppleWebKit/537.36 (KHTML, like Gecko) Chrome/70.0.3538.77 Safari/537.36"
::1 - - [13/Nov/2018:14:58:27 +0000] "POST /login HTTP/1.1" 200 38 "http://localhost:8080/" "Mozilla/5.0 (Macintosh; Intel Mac OS X 10_14_0) AppleWebKit/537.36 (KHTML, like Gecko) Chrome/70.0.3538.77 Safari/537.36"
::1 - - [13/Nov/2018:14:58:27 +0000] "GET /taskManage/readFolder HTTP/1.1" 200 827 "http://localhost:8080/taskManage" "Mozilla/5.0 (Macintosh; Intel Mac OS X 10_14_0) AppleWebKit/537.36 (KHTML, like Gecko) Chrome/70.0.3538.77 Safari/537.36"
::1 - - [13/Nov/2018:14:58:28 +0000] "GET /statusMonitor/proteinStatus?folderName=sssssssss_1541862188305 HTTP/1.1" 200 195 "http://localhost:8080/taskManage/statusMonitor?fileName=sssssssss_1541862188305" "Mozilla/5.0 (Macintosh; Intel Mac OS X 10_14_0) AppleWebKit/537.36 (KHTML, like Gecko) Chrome/70.0.3538.77 Safari/537.36"
::1 - - [13/Nov/2018:14:58:29 +0000] "GET /statusMonitor/readLog?lineNum=100&folderName=sssssssss_1541862188305 HTTP/1.1" 200 2987 "http://localhost:8080/taskManage/statusMonitor?fileName=sssssssss_1541862188305" "Mozilla/5.0 (Macintosh; Intel Mac OS X 10_14_0) AppleWebKit/537.36 (KHTML, like Gecko) Chrome/70.0.3538.77 Safari/537.36"
::1 - - [13/Nov/2018:14:59:28 +0000] "GET /login/getServers HTTP/1.1" 200 44 "http://localhost:8080/taskManage/statusMonitor?fileName=sssssssss_1541862188305" "Mozilla/5.0 (Macintosh; Intel Mac OS X 10_14_0) AppleWebKit/537.36 (KHTML, like Gecko) Chrome/70.0.3538.77 Safari/537.36"
::1 - - [13/Nov/2018:14:59:28 +0000] "GET /statusMonitor/readLog?lineNum=100&folderName=sssssssss_1541862188305 HTTP/1.1" 200 44 "http://localhost:8080/taskManage/statusMonitor?fileName=sssssssss_1541862188305" "Mozilla/5.0 (Macintosh; Intel Mac OS X 10_14_0) AppleWebKit/537.36 (KHTML, like Gecko) Chrome/70.0.3538.77 Safari/537.36"
::1 - - [13/Nov/2018:14:59:28 +0000] "GET /statusMonitor/proteinStatus?folderName=sssssssss_1541862188305 HTTP/1.1" 200 44 "http://localhost:8080/taskManage/statusMonitor?fileName=sssssssss_1541862188305" "Mozilla/5.0 (Macintosh; Intel Mac OS X 10_14_0) AppleWebKit/537.36 (KHTML, like Gecko) Chrome/70.0.3538.77 Safari/537.36"
::1 - - [13/Nov/2018:14:59:33 +0000] "OPTIONS /login HTTP/1.1" 200 4 "-" "Mozilla/5.0 (Macintosh; Intel Mac OS X 10_14_0) AppleWebKit/537.36 (KHTML, like Gecko) Chrome/70.0.3538.77 Safari/537.36"
::1 - - [13/Nov/2018:14:59:33 +0000] "POST /login HTTP/1.1" 200 38 "http://localhost:8080/" "Mozilla/5.0 (Macintosh; Intel Mac OS X 10_14_0) AppleWebKit/537.36 (KHTML, like Gecko) Chrome/70.0.3538.77 Safari/537.36"
::1 - - [13/Nov/2018:14:59:33 +0000] "GET /taskManage/readFolder HTTP/1.1" 200 827 "http://localhost:8080/taskManage" "Mozilla/5.0 (Macintosh; Intel Mac OS X 10_14_0) AppleWebKit/537.36 (KHTML, like Gecko) Chrome/70.0.3538.77 Safari/537.36"
::1 - - [13/Nov/2018:14:59:35 +0000] "GET /statusMonitor/proteinStatus?folderName=sssssssss_1541862188305 HTTP/1.1" 200 195 "http://localhost:8080/taskManage/statusMonitor?fileName=sssssssss_1541862188305" "Mozilla/5.0 (Macintosh; Intel Mac OS X 10_14_0) AppleWebKit/537.36 (KHTML, like Gecko) Chrome/70.0.3538.77 Safari/537.36"
::1 - - [13/Nov/2018:14:59:35 +0000] "GET /statusMonitor/readLog?lineNum=100&folderName=sssssssss_1541862188305 HTTP/1.1" 200 2987 "http://localhost:8080/taskManage/statusMonitor?fileName=sssssssss_1541862188305" "Mozilla/5.0 (Macintosh; Intel Mac OS X 10_14_0) AppleWebKit/537.36 (KHTML, like Gecko) Chrome/70.0.3538.77 Safari/537.36"
::1 - - [13/Nov/2018:14:59:47 +0000] "GET /statusMonitor/readLog?lineNum=200&folderName=sssssssss_1541862188305 HTTP/1.1" 200 8727 "http://localhost:8080/taskManage/statusMonitor?fileName=sssssssss_1541862188305" "Mozilla/5.0 (Macintosh; Intel Mac OS X 10_14_0) AppleWebKit/537.36 (KHTML, like Gecko) Chrome/70.0.3538.77 Safari/537.36"
